<?xml version="1.0" encoding="UTF-8"?>
<testng-results ignored="0" total="1" passed="1" failed="0" skipped="0">
  <reporter-output>
  </reporter-output>
  <suite started-at="2023-07-21T09:53:43 IST" name="Default suite" finished-at="2023-07-21T09:54:06 IST" duration-ms="22263">
    <groups>
    </groups>
    <test started-at="2023-07-21T09:53:43 IST" name="Default test" finished-at="2023-07-21T09:54:06 IST" duration-ms="22263">
      <class name="com.tests.LoginFlows">
        <test-method signature="login()[pri:0, instance:com.tests.LoginFlows@6d3a388c]" started-at="2023-07-21T09:53:43 IST" name="login" finished-at="2023-07-21T09:54:06 IST" duration-ms="22238" status="PASS">
          <reporter-output>
          </reporter-output>
        </test-method> <!-- login -->
      </class> <!-- com.tests.LoginFlows -->
    </test> <!-- Default test -->
  </suite> <!-- Default suite -->
</testng-results>
