<?xml version="1.0" encoding="UTF-8"?>
<testng-results ignored="0" total="1" passed="1" failed="0" skipped="0">
  <reporter-output>
  </reporter-output>
  <suite started-at="2023-07-12T10:32:47 IST" name="Suite" finished-at="2023-07-12T10:32:47 IST" duration-ms="13">
    <groups>
    </groups>
    <test started-at="2023-07-12T10:32:47 IST" name="Test" finished-at="2023-07-12T10:32:47 IST" duration-ms="13">
      <class name="seelniumDemo.TestNGDemo">
        <test-method signature="login()[pri:0, instance:seelniumDemo.TestNGDemo@51b7e5df]" started-at="2023-07-12T10:32:47 IST" name="login" finished-at="2023-07-12T10:32:47 IST" duration-ms="3" status="PASS">
          <reporter-output>
          </reporter-output>
        </test-method> <!-- login -->
      </class> <!-- seelniumDemo.TestNGDemo -->
    </test> <!-- Test -->
  </suite> <!-- Suite -->
</testng-results>
